<?xml version="1.0" encoding="UTF-8"?>
<!-- Generated by org.testng.reporters.JUnitXMLReporter -->
<testsuite hostname="LTMX-41889" name="Default test" tests="4" failures="0" timestamp="1 Feb 2019 21:34:48 GMT" time="384.954" errors="0">
  <testcase name="testFlightFinderOneWay" time="138.173" classname="mercuryTours.TestSite"/>
  <testcase name="testFlightFinderRoundTrip" time="140.025" classname="mercuryTours.TestSite"/>
  <testcase name="testRegister" time="36.626" classname="mercuryTours.TestSite"/>
  <testcase name="testSignIn" time="70.105" classname="mercuryTours.TestSite"/>
</testsuite> <!-- Default test -->
